<?xml version="1.0" encoding="UTF-8" ?>
<testsuite errors="0" failures="0" hostname="LAPTOP-99B51EFO" name="it.unibas.ricette.test.OperatoreTest" skipped="0" tests="1" time="0.25" timestamp="2022-06-10T17:29:57">
  <properties>
    <property name="java.specification.version" value="13" />
    <property name="ant.project.name" value="@NAME@/file" />
    <property name="sun.cpu.isalist" value="amd64" />
    <property name="sun.jnu.encoding" value="Cp1252" />
    <property name="sun.java2d.dpiaware" value="true" />
    <property name="ant.file.swing-template-build" value="C:\Users\giova\Desktop\Programmazione\TerzoAnno\SecondoSemestre\Ricette\swing-template-build.xml" />
    <property name="ant.file.@NAME@/file" value="C:\Users\giova\Desktop\Programmazione\TerzoAnno\SecondoSemestre\Ricette\ricette\nbproject\file-targets.xml" />
    <property name="sun.arch.data.model" value="64" />
    <property name="nb.show.statistics.ui" value="usageStatisticsEnabled" />
    <property name="java.vendor.url" value="https://java.oracle.com/" />
    <property name="resources.dir" value="C:\Users\giova\Desktop\Programmazione\TerzoAnno\SecondoSemestre\Ricette\ricette\varie\risorse" />
    <property name="test.data.dir.present" value="true" />
    <property name="netbeans.importclass" value="org.netbeans.upgrade.AutoUpgrade" />
    <property name="sun.boot.library.path" value="C:\Program Files\OpenJDK\jdk-13.0.1\bin" />
    <property name="sun.java.command" value="org.apache.tools.ant.taskdefs.optional.junit.JUnitTestRunner it.unibas.ricette.test.OperatoreTest skipNonTests=false filtertrace=true haltOnError=false haltOnFailure=false showoutput=false outputtoformatters=true logfailedtests=true threadid=0 logtestlistenerevents=true formatter=org.apache.tools.ant.taskdefs.optional.junit.PlainJUnitResultFormatter formatter=org.apache.tools.ant.taskdefs.optional.junit.XMLJUnitResultFormatter,C:\Users\giova\Desktop\Programmazione\TerzoAnno\SecondoSemestre\Ricette\ricette\build\test\report\TEST-it.unibas.ricette.test.OperatoreTest.xml crashfile=C:\Users\giova\Desktop\Programmazione\TerzoAnno\SecondoSemestre\Ricette\ricette\junitvmwatcher3626160985610219417.properties propsfile=C:\Users\giova\Desktop\Programmazione\TerzoAnno\SecondoSemestre\Ricette\ricette\junit14845171716051378983.properties" />
    <property name="jdk.debug" value="release" />
    <property name="netbeans.autoupdate.version" value="1.23" />
    <property name="java.specification.vendor" value="Oracle Corporation" />
    <property name="java.version.date" value="2019-10-15" />
    <property name="java.home" value="C:\Program Files\OpenJDK\jdk-13.0.1" />
    <property name="netbeans.user" value="C:\Users\giova\AppData\Roaming\NetBeans\12.0" />
    <property name="ant.file.type.ricette" value="file" />
    <property name="javadoc.dir" value="C:\Users\giova\Desktop\Programmazione\TerzoAnno\SecondoSemestre\Ricette\ricette\dist\javadoc" />
    <property name="file.separator" value="\" />
    <property name="basedir" value="C:\Users\giova\Desktop\Programmazione\TerzoAnno\SecondoSemestre\Ricette\ricette" />
    <property name="java.vm.compressedOopsMode" value="32-bit" />
    <property name="line.separator" value="&#xd;&#xa;" />
    <property name="nbproject.dir" value="C:\Users\giova\Desktop\Programmazione\TerzoAnno\SecondoSemestre\Ricette\ricette\nbproject" />
    <property name="jna.boot.library.name" value="jnidispatch-nb" />
    <property name="java.vm.specification.vendor" value="Oracle Corporation" />
    <property name="java.specification.name" value="Java Platform API Specification" />
    <property name="netbeans.productversion" value="Apache NetBeans IDE 12.0" />
    <property name="build.optimize" value="off" />
    <property name="utilita.build.dir" value="C:\Users\giova\Desktop\Programmazione\TerzoAnno\SecondoSemestre\Ricette\utilita\build\classes" />
    <property name="netbeans.extbrowser.manual_chrome_plugin_install" value="yes" />
    <property name="user.script" value="" />
    <property name="db.password" value="pguser" />
    <property name="netbeans.default_userdir_root" value="C:\Users\giova\AppData\Roaming\NetBeans" />
    <property name="sun.management.compiler" value="HotSpot 64-Bit Tiered Compilers" />
    <property name="jdk.home" value="C:\Program Files\OpenJDK\jdk-13.0.1" />
    <property name="java.runtime.version" value="13.0.1+9" />
    <property name="user.name" value="giova" />
    <property name="build.debuglevel" value="lines,vars,source" />
    <property name="hibernate-tools.ver" value="4.1" />
    <property name="sun.java2d.noddraw" value="true" />
    <property name="file.encoding" value="Cp1252" />
    <property name="ant.file.ricette" value="C:\Users\giova\Desktop\Programmazione\TerzoAnno\SecondoSemestre\Ricette\ricette\build.xml" />
    <property name="sun.zip.disableMemoryMapping" value="true" />
    <property name="guice.disable.misplaced.annotation.check" value="true" />
    <property name="java.util.logging.config.class" value="org.netbeans.core.startup.TopLogging" />
    <property name="jnidispatch.path" value="C:\Users\giova\AppData\Local\Temp\jna-98361144\jna5439354231065775831.dll" />
    <property name="https.nonProxyHosts" value="localhost|127.0.0.1|LAPTOP-99B51EFO" />
    <property name="utilita.javadoc.dir" value="C:\Users\giova\Desktop\Programmazione\TerzoAnno\SecondoSemestre\Ricette\utilita\dist\javadoc" />
    <property name="dist.dir" value="C:\Users\giova\Desktop\Programmazione\TerzoAnno\SecondoSemestre\Ricette\ricette\dist" />
    <property name="jna.loaded" value="true" />
    <property name="build.dir" value="C:\Users\giova\Desktop\Programmazione\TerzoAnno\SecondoSemestre\Ricette\ricette\build\classes" />
    <property name="java.io.tmpdir" value="C:\Users\giova\AppData\Local\Temp\" />
    <property name="ant.file.type.framework-hibernate4-template-build" value="file" />
    <property name="java.version" value="13.0.1" />
    <property name="netbeans.autoupdate.variant" value="" />
    <property name="ant.file.framework-hibernate4-template-build" value="C:\Users\giova\Desktop\Programmazione\TerzoAnno\SecondoSemestre\Ricette\framework-hibernate4-template-build.xml" />
    <property name="java.vm.specification.name" value="Java Virtual Machine Specification" />
    <property name="ant.junit.enabletestlistenerevents" value="true" />
    <property name="ant.home" value="C:\Program Files\NetBeans-12.0\netbeans\extide\ant" />
    <property name="lib.dir" value="c:/lib" />
    <property name="nb.native.filechooser" value="false" />
    <property name="driver.name" value="postgresql-9.4-1206-jdbc4.jar" />
    <property name="sun.os.patch.level" value="" />
    <property name="pool.name" value="c3p0-0.9.1.1.jar" />
    <property name="ant.version" value="Apache Ant(TM) version 1.10.4 compiled on June 19 2018" />
    <property name="java.library.path" value="C:\Program Files\OpenJDK\jdk-13.0.1\bin;C:\WINDOWS\Sun\Java\bin;C:\WINDOWS\system32;C:\WINDOWS;C:\Program Files\Python38\Scripts\;C:\Program Files\Python38\;C:\Windows\system32;C:\Windows;C:\Windows\System32\Wbem;C:\Windows\System32\WindowsPowerShell\v1.0\;C:\Windows\System32\OpenSSH\;C:\Program Files\Intel\WiFi\bin\;C:\Program Files\Common Files\Intel\WirelessCommon\;C:\Program Files\MinGW\bin;C:\ProgramData\chocolatey\bin;C:\Program Files\nodejs\;C:\WINDOWS\system32;C:\WINDOWS;C:\WINDOWS\System32\Wbem;C:\WINDOWS\System32\WindowsPowerShell\v1.0\;C:\WINDOWS\System32\OpenSSH\;C:\Windows\Microsoft.NET\Framework64\v4.0.30319;C:\Program Files (x86)\NVIDIA Corporation\PhysX\Common;C:\Program Files\NVIDIA Corporation\NVIDIA NvDLISR;C:\Program Files\Java\jdk1.8.0_271\bin;C:\WINDOWS\system32;C:\WINDOWS;C:\WINDOWS\System32\Wbem;C:\WINDOWS\System32\WindowsPowerShell\v1.0\;C:\WINDOWS\System32\OpenSSH\;C:\Program Files\Git\cmd;C:\Users\giova\AppData\Local\Microsoft\WindowsApps;C:\Users\giova\AppData\Roaming\npm;C:\Users\giova\AppData\Local\Microsoft\WindowsApps;C:\Users\giova\AppData\Local\GitHubDesktop\bin;C:\ProgramData\giova\GitHubDesktop\bin;C:\Program Files\JetBrains\PyCharm Community Edition 2021.3.3\bin;." />
    <property name="test.data.dir" value="C:\Users\giova\Desktop\Programmazione\TerzoAnno\SecondoSemestre\Ricette\ricette\test\dati" />
    <property name="java.vendor" value="Oracle Corporation" />
    <property name="jdk.gtk.version" value="2.2" />
    <property name="sun.io.unicode.encoding" value="UnicodeLittle" />
    <property name="ant.file.type.dbms-template-build" value="file" />
    <property name="netbeans.dirs" value="C:\Program Files\NetBeans-12.0\netbeans\nb;C:\Program Files\NetBeans-12.0\netbeans\ergonomics;C:\Program Files\NetBeans-12.0\netbeans\ide;C:\Program Files\NetBeans-12.0\netbeans\extide;C:\Program Files\NetBeans-12.0\netbeans\java;C:\Program Files\NetBeans-12.0\netbeans\apisupport;C:\Program Files\NetBeans-12.0\netbeans\webcommon;C:\Program Files\NetBeans-12.0\netbeans\websvccommon;C:\Program Files\NetBeans-12.0\netbeans\enterprise;C:\Program Files\NetBeans-12.0\netbeans\mobility;C:\Program Files\NetBeans-12.0\netbeans\profiler;C:\Program Files\NetBeans-12.0\netbeans\python;C:\Program Files\NetBeans-12.0\netbeans\php;C:\Program Files\NetBeans-12.0\netbeans\identity;C:\Program Files\NetBeans-12.0\netbeans\harness;C:\Program Files\NetBeans-12.0\netbeans\cnd;C:\Program Files\NetBeans-12.0\netbeans\cndext;C:\Program Files\NetBeans-12.0\netbeans\dlight;C:\Program Files\NetBeans-12.0\netbeans\groovy;C:\Program Files\NetBeans-12.0\netbeans\extra;C:\Program Files\NetBeans-12.0\netbeans\javacard;C:\Program Files\NetBeans-12.0\netbeans\javafx" />
    <property name="org.openide.version" value="deprecated" />
    <property name="netbeans.dynamic.classpath" value="C:\Program Files\NetBeans-12.0\netbeans\platform\core\asm-7.2.jar;C:\Program Files\NetBeans-12.0\netbeans\platform\core\asm-commons-7.2.jar;C:\Program Files\NetBeans-12.0\netbeans\platform\core\asm-tree-7.2.jar;C:\Program Files\NetBeans-12.0\netbeans\platform\core\core-base.jar;C:\Program Files\NetBeans-12.0\netbeans\platform\core\core.jar;C:\Program Files\NetBeans-12.0\netbeans\platform\core\org-netbeans-libs-asm.jar;C:\Program Files\NetBeans-12.0\netbeans\platform\core\org-openide-filesystems-compat8.jar;C:\Program Files\NetBeans-12.0\netbeans\platform\core\org-openide-filesystems.jar;C:\Program Files\NetBeans-12.0\netbeans\nb\core\org-netbeans-upgrader.jar;C:\Program Files\NetBeans-12.0\netbeans\nb\core\locale\core_nb.jar" />
    <property name="netbeans.autoupdate.country" value="IT" />
    <property name="utilita.src.dir" value="C:\Users\giova\Desktop\Programmazione\TerzoAnno\SecondoSemestre\Ricette\utilita\src" />
    <property name="java.class.path" value="c:\lib\postgresql-9.4-1206-jdbc4.jar;c:\lib\c3p0-0.9.1.1.jar;c:\lib\hibernate-4.1\antlr-2.7.7.jar;c:\lib\hibernate-4.1\dom4j-1.6.1.jar;c:\lib\hibernate-4.1\hibernate-c3p0-4.1.7.Final.jar;c:\lib\hibernate-4.1\hibernate-commons-annotations-4.0.1.Final.jar;c:\lib\hibernate-4.1\hibernate-core-4.1.7.Final.jar;c:\lib\hibernate-4.1\hibernate-jpa-2.0-api-1.0.1.Final.jar;c:\lib\hibernate-4.1\javassist-3.15.0-GA.jar;c:\lib\hibernate-4.1\jboss-logging-3.1.0.GA.jar;c:\lib\hibernate-4.1\jboss-transaction-api_1.1_spec-1.0.0.Final.jar;c:\lib\hibernate-annotations-4.1\hibernate-commons-annotations-4.0.1.Final.jar;c:\lib\slf4j-api-1.7.7.jar;C:\Users\giova\Desktop\Programmazione\TerzoAnno\SecondoSemestre\Ricette\ricette\build\classes;c:\lib\logback-classic-1.1.2.jar;c:\lib\logback-core-1.1.2.jar;C:\Users\giova\Desktop\Programmazione\TerzoAnno\SecondoSemestre\Ricette\ricette\build\test\classes;c:\lib\junit.jar;C:\Program Files\NetBeans-12.0\netbeans\extide\ant\lib\ant-launcher.jar;C:\Program Files\NetBeans-12.0\netbeans\extide\ant\lib\ant.jar;C:\Program Files\NetBeans-12.0\netbeans\extide\ant\lib\ant-junit.jar;C:\Program Files\NetBeans-12.0\netbeans\extide\ant\lib\ant-junit4.jar" />
    <property name="test.src.dir" value="C:\Users\giova\Desktop\Programmazione\TerzoAnno\SecondoSemestre\Ricette\ricette\test" />
    <property name="sun.awt.enableExtraMouseButtons" value="true" />
    <property name="org.openide.major.version" value="IDE/1" />
    <property name="java.vm.vendor" value="Oracle Corporation" />
    <property name="test.build.dir" value="C:\Users\giova\Desktop\Programmazione\TerzoAnno\SecondoSemestre\Ricette\ricette\build\test\classes" />
    <property name="user.variant" value="" />
    <property name="netbeans.buildnumber" value="12.0-631bd69cd6112b1cc4c892c24e3e605b1ba04241" />
    <property name="conf.dir" value="C:\Users\giova\Desktop\Programmazione\TerzoAnno\SecondoSemestre\Ricette\ricette\src\conf" />
    <property name="org.openide.specification.version" value="6.2" />
    <property name="user.timezone" value="Europe/Rome" />
    <property name="build.sysclasspath" value="ignore" />
    <property name="java.vm.specification.version" value="13" />
    <property name="os.name" value="Windows 10" />
    <property name="apple.laf.useScreenMenuBar" value="true" />
    <property name="misc.dir" value="C:\Users\giova\Desktop\Programmazione\TerzoAnno\SecondoSemestre\Ricette\ricette\varie" />
    <property name="user.country" value="IT" />
    <property name="sun.java.launcher" value="SUN_STANDARD" />
    <property name="build.debug" value="on" />
    <property name="http.nonProxyHosts" value="localhost|127.0.0.1|LAPTOP-99B51EFO" />
    <property name="main.class" value="it.unibas.ricette.Applicazione" />
    <property name="sun.cpu.endian" value="little" />
    <property name="test.dir" value="C:\Users\giova\Desktop\Programmazione\TerzoAnno\SecondoSemestre\Ricette\ricette\build\test" />
    <property name="user.home" value="C:\Users\giova" />
    <property name="user.language" value="it" />
    <property name="maven.defaultProjectBuilder.disableGlobalModelCache" value="true" />
    <property name="includes" value="it/unibas/ricette/test/OperatoreTest.java" />
    <property name="hibernate.ver" value="4.1" />
    <property name="db.username" value="pguser" />
    <property name="ant.java.version" value="13" />
    <property name="ant.file.dbms-template-build" value="C:\Users\giova\Desktop\Programmazione\TerzoAnno\SecondoSemestre\Ricette\dbms-template-build.xml" />
    <property name="apple.awt.graphics.UseQuartz" value="true" />
    <property name="sun.awt.keepWorkingSetOnMinimize" value="true" />
    <property name="ant.file.type.swing-hibernate4-template-build" value="file" />
    <property name="plugin.manager.check.updates" value="false" />
    <property name="netbeans.autoupdate.language" value="it" />
    <property name="test.report.dir" value="C:\Users\giova\Desktop\Programmazione\TerzoAnno\SecondoSemestre\Ricette\ricette\build\test\report" />
    <property name="build.compiler.emacs" value="true" />
    <property name="ant.file" value="C:\Users\giova\Desktop\Programmazione\TerzoAnno\SecondoSemestre\Ricette\ricette\nbproject\file-targets.xml" />
    <property name="ant.file.type.@NAME@/file" value="file" />
    <property name="netbeans.hash.code" value="unique=NB_EXTIDE_JAVA_PHP_WEBCOMMON_WEBEE0301f5d71-a5c5-493b-8298-e4a2a991fc9f_39888b9c-9ea6-4948-8676-f8c7f255694c" />
    <property name="path.separator" value=";" />
    <property name="os.version" value="10.0" />
    <property name="netbeans.home" value="C:\Program Files\NetBeans-12.0\netbeans\platform" />
    <property name="java.runtime.name" value="OpenJDK Runtime Environment" />
    <property name="ant.project.invoked-targets" value="run-selected-tests" />
    <property name="java.vm.name" value="OpenJDK 64-Bit Server VM" />
    <property name="hibernate-annotations.ver" value="4.1" />
    <property name="ant.core.lib" value="C:\Program Files\NetBeans-12.0\netbeans\extide\ant\lib\ant.jar" />
    <property name="java.vendor.url.bug" value="https://bugreport.java.com/bugreport/" />
    <property name="ant.file.type.swing-template-build" value="file" />
    <property name="user.dir" value="C:\Program Files\NetBeans-12.0" />
    <property name="os.arch" value="amd64" />
    <property name="org.xml.sax.driver" value="com.sun.org.apache.xerces.internal.jaxp.SAXParserImpl$JAXPSAXParser" />
    <property name="java.vm.info" value="mixed mode, sharing" />
    <property name="conf.dir.present" value="true" />
    <property name="java.vm.version" value="13.0.1+9" />
    <property name="resources.dir.present" value="true" />
    <property name="sun.awt.datatransfer.timeout" value="1000" />
    <property name="ant.file.swing-hibernate4-template-build" value="C:\Users\giova\Desktop\Programmazione\TerzoAnno\SecondoSemestre\Ricette\swing-hibernate4-template-build.xml" />
    <property name="java.class.version" value="57.0" />
    <property name="src.dir" value="C:\Users\giova\Desktop\Programmazione\TerzoAnno\SecondoSemestre\Ricette\ricette\src" />
    <property name="org.netbeans.io.suspend" value="0" />
  </properties>
  <testcase classname="it.unibas.ricette.test.OperatoreTest" name="testGeneraRicette" time="0.172" />
  <system-out><![CDATA[*********************************************
2022-06-10 19:29:57,803 DEBUG it.unibas.ricette.modello.Ricetta 
Ricetta: 111
Prestazioni:[nomeprestazione(tipologiaDaSelezionare), nomeprestazione(tipologiaDaSelezionare), nomeprestazione(tipologiaDaSelezionare)]
2022-06-10 19:29:57,803 DEBUG it.unibas.ricette.modello.Ricetta 
Ricetta: 222
Prestazioni:[nomeprestazione(tipologiadaignorare)]
2022-06-10 19:29:57,803 DEBUG it.unibas.ricette.modello.Ricetta 
Ricetta: 111
Prestazioni:[nomeprestazionesecondaselezionata(secondaTipologia), nomeprestazionesecondaselezionata(secondaTipologia)]
2022-06-10 19:29:57,803 DEBUG it.unibas.ricette.modello.Ricetta 
Ricetta: 222
Prestazioni:[terza ma non deve essere selezionata(terzaTipologia)]
2022-06-10 19:29:57,803 DEBUG it.unibas.ricette.modello.Ricetta 
Ricetta: 222
Prestazioni:[da ignorare perché supera in numero la tipologia di partenza(quartatipologia), da ignorare perché supera in numero la tipologia di partenza(tipologiaTroppoNumerosa), da ignorare perché supera in numero la tipologia di partenza(tipologiaTroppoNumerosa), da ignorare perché supera in numero la tipologia di partenza(tipologiaTroppoNumerosa), da ignorare perché supera in numero la tipologia di partenza(tipologiaTroppoNumerosa), da ignorare perché supera in numero la tipologia di partenza(tipologiaTroppoNumerosa)]
2022-06-10 19:29:57,803 DEBUG it.unibas.ricette.modello.OperatoreRicette 
Seconda tipologia scelta =secondaTipologia
2022-06-10 19:29:57,803 DEBUG it.unibas.ricette.modello.Ricetta 
Ricetta: 111
Prestazioni:[nomeprestazione(tipologiaDaSelezionare), nomeprestazione(tipologiaDaSelezionare), nomeprestazione(tipologiaDaSelezionare)]
2022-06-10 19:29:57,803 DEBUG it.unibas.ricette.modello.Ricetta 
Ricetta: 222
Prestazioni:[nomeprestazione(tipologiadaignorare)]
2022-06-10 19:29:57,803 DEBUG it.unibas.ricette.modello.Ricetta 
Ricetta: 111
Prestazioni:[nomeprestazionesecondaselezionata(secondaTipologia), nomeprestazionesecondaselezionata(secondaTipologia)]
2022-06-10 19:29:57,803 DEBUG it.unibas.ricette.modello.Ricetta 
Ricetta: 222
Prestazioni:[terza ma non deve essere selezionata(terzaTipologia)]
2022-06-10 19:29:57,803 DEBUG it.unibas.ricette.modello.Ricetta 
Ricetta: 222
Prestazioni:[da ignorare perché supera in numero la tipologia di partenza(quartatipologia), da ignorare perché supera in numero la tipologia di partenza(tipologiaTroppoNumerosa), da ignorare perché supera in numero la tipologia di partenza(tipologiaTroppoNumerosa), da ignorare perché supera in numero la tipologia di partenza(tipologiaTroppoNumerosa), da ignorare perché supera in numero la tipologia di partenza(tipologiaTroppoNumerosa), da ignorare perché supera in numero la tipologia di partenza(tipologiaTroppoNumerosa)]
2022-06-10 19:29:57,803 DEBUG it.unibas.ricette.modello.OperatoreRicette 
Prestazioni più frequenti =[it.unibas.ricette.modello.PrestazioneFrequenza@5e57643e]
2022-06-10 19:29:57,803 DEBUG it.unibas.ricette.modello.OperatoreRicette 
Prestazioni suggerite =[nomeprestazionesecondaselezionata(secondaTipologia)]
secondaTipologia
]]></system-out>
  <system-err><![CDATA[]]></system-err>
</testsuite>
