<?xml version="1.0" encoding="UTF-8"?>
<testsuite name="it.unibas.isee.test.TestCalcolaValoreIsee" tests="1" skipped="0" failures="0" errors="0" timestamp="2021-11-15T17:02:51" hostname="LAPTOP-99B51EFO" time="0.004">
  <properties/>
  <testcase name="testCalcolo1" classname="it.unibas.isee.test.TestCalcolaValoreIsee" time="0.004"/>
  <system-out><![CDATA[]]></system-out>
  <system-err><![CDATA[]]></system-err>
</testsuite>
